<?xml version="1.0" encoding="UTF-8"?>
<!-- Generated by org.testng.reporters.JUnitXMLReporter -->
<testsuite hostname="LAPTOP-RU5AGNDD" name="Validating title in the page" tests="1" failures="1" timestamp="29 Apr 2020 19:44:41 GMT" time="14.298" errors="0">
  <testcase name="basepageNavigation" time="0.109" classname="test.validateTitle">
    <failure type="java.lang.AssertionError" message="expected [FEATURED COURSES123] but found [FEATURED COURSES]">
      <![CDATA[java.lang.AssertionError: expected [FEATURED COURSES123] but found [FEATURED COURSES]
	at test.validateTitle.basepageNavigation(validateTitle.java:36)
... Removed 29 stack frames]]>
    </failure>
  </testcase> <!-- basepageNavigation -->
</testsuite> <!-- Validating title in the page -->
